2021-02-05 15:34:38 INFO  CatAppController:42 - User is exiting the application.
2021-02-05 15:35:41 INFO  CatAppController:36 - User is registering an account.
2021-02-05 15:35:43 INFO  CatAppController:39 - User is logging in.
2021-02-05 15:35:46 INFO  CatAppController:42 - User is exiting the application.
2021-02-05 16:30:17 INFO  CatAppController:38 - User is registering an account.
2021-02-05 16:30:29 DEBUG CatAppController:74 - Submitting new user to the database...
2021-02-05 16:31:51 INFO  CatAppController:38 - User is registering an account.
2021-02-05 16:32:03 DEBUG CatAppController:74 - Submitting new user to the database...
2021-02-05 16:32:03 DEBUG CatAppController:77 - Person [id=2, username=celeste, password=pass, cats=[], role=Role [id=2, name=User]]
2021-02-05 16:32:51 INFO  CatAppController:42 - User is logging in.
2021-02-05 16:32:54 DEBUG CatAppController:108 - User logged in successfully.
2021-02-05 16:34:15 INFO  CatAppController:38 - User is registering an account.
2021-02-05 16:34:19 DEBUG CatAppController:74 - Submitting new user to the database...
2021-02-05 16:34:19 DEBUG CatAppController:77 - Person [id=2, username=celeste, password=pass, cats=[], role=Role [id=2, name=User]]
2021-02-05 16:34:20 INFO  CatAppController:38 - User is registering an account.
2021-02-05 16:34:25 DEBUG CatAppController:74 - Submitting new user to the database...
2021-02-05 16:34:25 WARN  CatAppController:82 - User tried to register with a non-unique username.
2021-02-05 16:34:38 DEBUG CatAppController:74 - Submitting new user to the database...
2021-02-05 16:34:38 DEBUG CatAppController:77 - Person [id=3, username=aweifhwiof, password=woeirjgoiwerjg, cats=[], role=Role [id=2, name=User]]
2021-02-05 16:34:43 INFO  CatAppController:46 - User is exiting the application.
2021-02-12 14:49:08 INFO  CatAppController:43 - User is registering an account.
2021-02-12 14:49:11 DEBUG CatAppController:118 - Submitting new user to the database...
2021-02-12 14:49:56 INFO  CatAppController:43 - User is registering an account.
2021-02-12 14:49:59 DEBUG CatAppController:118 - Submitting new user to the database...
2021-02-12 14:50:01 WARN  CatAppController:126 - User tried to register with a non-unique username.
2021-02-12 14:50:12 INFO  CatAppController:47 - User is logging in.
2021-02-12 14:50:17 DEBUG CatAppController:152 - User logged in successfully.
2021-02-12 14:50:17 DEBUG CatAppController:153 - Person [id=2, username=sierra, password=pass, cats=[Cat [id=11, name=Cat, age=0, breed=Breed [id=1, name=Persian], status=Status [id=2, name=Adopted], specialNeeds=[]], Cat [id=5, name=Lucky, age=7, breed=Breed [id=2, name=Domestic Shorthair], status=Status [id=2, name=Adopted], specialNeeds=[]]], role=Role [id=2, name=User]]
2021-02-12 14:52:51 INFO  CatAppController:85 - User logged out.
2021-02-12 14:52:51 INFO  CatAppController:51 - User is exiting the application.
2021-02-12 14:53:03 INFO  CatAppController:47 - User is logging in.
2021-02-12 14:53:07 DEBUG CatAppController:152 - User logged in successfully.
2021-02-12 14:53:07 DEBUG CatAppController:153 - Person [id=2, username=sierra, password=pass, cats=[Cat [id=15, name=Princess, age=5, breed=Breed [id=2, name=Domestic Shorthair], status=Status [id=2, name=Adopted], specialNeeds=[]], Cat [id=11, name=Cat, age=0, breed=Breed [id=1, name=Persian], status=Status [id=2, name=Adopted], specialNeeds=[]], Cat [id=5, name=Lucky, age=7, breed=Breed [id=2, name=Domestic Shorthair], status=Status [id=2, name=Adopted], specialNeeds=[]]], role=Role [id=2, name=User]]
